<?xml version="1.0" encoding="UTF-8"?>
<testng-results ignored="0" total="1" passed="1" failed="0" skipped="0">
  <reporter-output>
  </reporter-output>
  <suite started-at="2022-07-01T22:40:24 TRT" name="Default Suite" finished-at="2022-07-01T22:40:26 TRT" duration-ms="2192">
    <groups>
    </groups>
    <test started-at="2022-07-01T22:40:24 TRT" name="NozzleAPITest" finished-at="2022-07-01T22:40:26 TRT" duration-ms="2192">
      <class name="JobPoolSearch">
        <test-method signature="Test()[pri:0, instance:JobPoolSearch@12d3a4e9]" started-at="2022-07-01T22:40:24 TRT" name="Test" finished-at="2022-07-01T22:40:26 TRT" duration-ms="2159" status="PASS">
          <reporter-output>
          </reporter-output>
        </test-method> <!-- Test -->
      </class> <!-- JobPoolSearch -->
    </test> <!-- NozzleAPITest -->
  </suite> <!-- Default Suite -->
</testng-results>
